[2020-02-13T17:02:57.976] [DEBUG] cheese - login => username:zs,password:123456
[2020-02-13T17:02:57.981] [DEBUG] cheese - zs
[2020-02-13T17:02:58.128] [DEBUG] cheese - null
[2020-02-13T17:02:58.129] [DEBUG] cheese - null
[2020-02-13T17:04:56.971] [DEBUG] cheese - login => username:admin,password:123456
[2020-02-13T17:04:56.971] [DEBUG] cheese - admin
[2020-02-13T17:04:56.978] [DEBUG] cheese - null
[2020-02-13T17:04:56.978] [DEBUG] cheese - null
[2020-02-16T17:55:10.126] [DEBUG] cheese - login => username:xxxxxx,password:xxxxxx
[2020-02-16T17:55:10.129] [DEBUG] cheese - xxxxxx
[2020-02-16T17:55:10.336] [DEBUG] cheese - null
[2020-02-16T17:55:10.337] [DEBUG] cheese - null
[2020-02-16T17:56:21.081] [DEBUG] cheese - login => username:2222222,password:22222222
[2020-02-16T17:56:21.081] [DEBUG] cheese - 2222222
[2020-02-16T17:56:21.083] [DEBUG] cheese - null
[2020-02-16T17:56:21.084] [DEBUG] cheese - null
[2020-02-16T18:02:20.579] [DEBUG] cheese - login => username:555555,password:55555555
[2020-02-16T18:02:20.579] [DEBUG] cheese - 555555
[2020-02-16T18:02:20.581] [DEBUG] cheese - null
[2020-02-16T18:02:20.582] [DEBUG] cheese - null
[2020-02-16T18:02:47.611] [DEBUG] cheese - login => username:5555555,password:5555555555
[2020-02-16T18:02:47.611] [DEBUG] cheese - 5555555
[2020-02-16T18:02:47.614] [DEBUG] cheese - null
[2020-02-16T18:02:47.614] [DEBUG] cheese - null
[2020-02-16T18:03:02.102] [DEBUG] cheese - login => username:5555555,password:555555555
[2020-02-16T18:03:02.102] [DEBUG] cheese - 5555555
[2020-02-16T18:03:02.104] [DEBUG] cheese - null
[2020-02-16T18:03:02.104] [DEBUG] cheese - null
[2020-02-16T18:03:36.925] [DEBUG] cheese - login => username:5555555,password:555555555
[2020-02-16T18:03:36.925] [DEBUG] cheese - 5555555
[2020-02-16T18:03:36.927] [DEBUG] cheese - null
[2020-02-16T18:03:36.928] [DEBUG] cheese - null
[2020-02-16T18:04:43.829] [DEBUG] cheese - login => username:55555555,password:5555555555
[2020-02-16T18:04:43.829] [DEBUG] cheese - 55555555
[2020-02-16T18:04:43.831] [DEBUG] cheese - null
[2020-02-16T18:04:43.831] [DEBUG] cheese - null
[2020-02-16T18:06:34.470] [DEBUG] cheese - login => username:5555555,password:555555555
[2020-02-16T18:06:34.470] [DEBUG] cheese - 5555555
[2020-02-16T18:06:34.473] [DEBUG] cheese - null
[2020-02-16T18:06:34.473] [DEBUG] cheese - null
[2020-02-16T18:07:23.150] [DEBUG] cheese - login => username:55555555,password:55132123
[2020-02-16T18:07:23.151] [DEBUG] cheese - 55555555
[2020-02-16T18:07:23.153] [DEBUG] cheese - null
[2020-02-16T18:07:23.153] [DEBUG] cheese - null
[2020-02-16T18:07:47.602] [DEBUG] cheese - login => username:5651523123,password:12345635
[2020-02-16T18:07:47.602] [DEBUG] cheese - 5651523123
[2020-02-16T18:07:47.604] [DEBUG] cheese - null
[2020-02-16T18:07:47.604] [DEBUG] cheese - null
[2020-02-16T18:08:33.262] [DEBUG] cheese - login => username:2321315,password:15654232
[2020-02-16T18:08:33.263] [DEBUG] cheese - 2321315
[2020-02-16T18:08:33.265] [DEBUG] cheese - null
[2020-02-16T18:08:33.265] [DEBUG] cheese - null
[2020-02-16T18:13:03.713] [DEBUG] cheese - login => username:444444444,password:445222222
[2020-02-16T18:13:03.713] [DEBUG] cheese - 444444444
[2020-02-16T18:13:03.716] [DEBUG] cheese - null
[2020-02-16T18:13:03.716] [DEBUG] cheese - null
[2020-02-16T18:13:24.075] [DEBUG] cheese - login => username:444444444,password:445222222
[2020-02-16T18:13:24.075] [DEBUG] cheese - 444444444
[2020-02-16T18:13:24.077] [DEBUG] cheese - null
[2020-02-16T18:13:24.077] [DEBUG] cheese - null
[2020-02-16T18:13:25.022] [DEBUG] cheese - login => username:444444444,password:445222222
[2020-02-16T18:13:25.023] [DEBUG] cheese - 444444444
[2020-02-16T18:13:25.025] [DEBUG] cheese - null
[2020-02-16T18:13:25.025] [DEBUG] cheese - null
[2020-02-16T18:25:04.862] [DEBUG] cheese - login => username:444444444,password:445222222
[2020-02-16T18:25:04.862] [DEBUG] cheese - 444444444
[2020-02-16T18:25:04.866] [DEBUG] cheese - null
[2020-02-16T18:25:04.866] [DEBUG] cheese - null
[2020-02-16T18:25:05.928] [DEBUG] cheese - login => username:444444444,password:445222222
[2020-02-16T18:25:05.928] [DEBUG] cheese - 444444444
[2020-02-16T18:25:05.931] [DEBUG] cheese - null
[2020-02-16T18:25:05.932] [DEBUG] cheese - null
[2020-02-16T18:30:38.375] [DEBUG] cheese - login => username:2222222,password:555555555
[2020-02-16T18:30:38.375] [DEBUG] cheese - 2222222
[2020-02-16T18:30:38.377] [DEBUG] cheese - null
[2020-02-16T18:30:38.377] [DEBUG] cheese - null
[2020-02-16T18:31:00.333] [DEBUG] cheese - login => username:555555,password:22222222
[2020-02-16T18:31:00.333] [DEBUG] cheese - 555555
[2020-02-16T18:31:00.335] [DEBUG] cheese - null
[2020-02-16T18:31:00.335] [DEBUG] cheese - null
[2020-02-16T18:31:33.637] [DEBUG] cheese - login => username:22222222,password:2222222222
[2020-02-16T18:31:33.638] [DEBUG] cheese - 22222222
[2020-02-16T18:31:33.642] [DEBUG] cheese - null
[2020-02-16T18:31:33.642] [DEBUG] cheese - null
[2020-02-16T18:36:05.268] [DEBUG] cheese - login => username:5555555,password:55555555
[2020-02-16T18:36:05.269] [DEBUG] cheese - 5555555
[2020-02-16T18:36:05.272] [DEBUG] cheese - null
[2020-02-16T18:36:05.272] [DEBUG] cheese - null
[2020-02-16T18:39:29.799] [DEBUG] cheese - login => username:5555555,password:555555555
[2020-02-16T18:39:29.799] [DEBUG] cheese - 5555555
[2020-02-16T18:39:29.801] [DEBUG] cheese - null
[2020-02-16T18:39:29.801] [DEBUG] cheese - null
[2020-02-16T18:40:28.730] [DEBUG] cheese - login => username:admin,password:123456
[2020-02-16T18:40:28.730] [DEBUG] cheese - admin
[2020-02-16T18:40:28.748] [DEBUG] cheese - null
[2020-02-16T18:40:28.748] [DEBUG] cheese - null
[2020-02-16T18:46:03.023] [DEBUG] cheese - login => username:admin,password:123456
[2020-02-16T18:46:03.023] [DEBUG] cheese - admin
[2020-02-16T18:46:03.027] [DEBUG] cheese - null
[2020-02-16T18:46:03.027] [DEBUG] cheese - null
[2020-02-16T18:50:37.004] [DEBUG] cheese - login => username:admin,password:123456
[2020-02-16T18:50:37.005] [DEBUG] cheese - admin
[2020-02-16T18:50:37.008] [DEBUG] cheese - null
[2020-02-16T18:50:37.008] [DEBUG] cheese - null
[2020-02-17T14:55:03.496] [DEBUG] cheese - login => username:admin,password:123456
[2020-02-17T14:55:03.499] [DEBUG] cheese - admin
[2020-02-17T14:55:03.557] [DEBUG] cheese - null
[2020-02-17T14:55:03.557] [DEBUG] cheese - null
[2020-02-17T15:07:33.196] [DEBUG] cheese - login => username:admin,password:123456
[2020-02-17T15:07:33.196] [DEBUG] cheese - admin
[2020-02-17T15:07:33.200] [DEBUG] cheese - null
[2020-02-17T15:07:33.200] [DEBUG] cheese - null
[2020-02-17T15:27:31.132] [DEBUG] cheese - login => username:admin,password:123456
[2020-02-17T15:27:31.132] [DEBUG] cheese - admin
[2020-02-17T15:27:31.135] [DEBUG] cheese - null
[2020-02-17T15:27:31.136] [DEBUG] cheese - null
[2020-02-17T15:32:02.976] [DEBUG] cheese - login => username:admin,password:123456
[2020-02-17T15:32:02.976] [DEBUG] cheese - admin
[2020-02-17T15:32:02.979] [DEBUG] cheese - null
[2020-02-17T15:32:02.979] [DEBUG] cheese - null
[2020-02-17T15:32:06.034] [DEBUG] cheese - login => username:admin,password:123456
[2020-02-17T15:32:06.034] [DEBUG] cheese - admin
[2020-02-17T15:32:06.039] [DEBUG] cheese - null
[2020-02-17T15:32:06.039] [DEBUG] cheese - null
[2020-02-17T15:32:09.159] [DEBUG] cheese - login => username:admin,password:123456
[2020-02-17T15:32:09.159] [DEBUG] cheese - admin
[2020-02-17T15:32:09.161] [DEBUG] cheese - null
[2020-02-17T15:32:09.161] [DEBUG] cheese - null
[2020-02-17T15:36:25.421] [DEBUG] cheese - login => username:admin,password:123456
[2020-02-17T15:36:25.421] [DEBUG] cheese - admin
[2020-02-17T15:36:25.425] [DEBUG] cheese - null
[2020-02-17T15:36:25.425] [DEBUG] cheese - null
[2020-02-17T17:22:14.161] [DEBUG] cheese - login => username:admin,password:123456
[2020-02-17T17:22:14.162] [DEBUG] cheese - admin
[2020-02-17T17:22:14.177] [DEBUG] cheese - null
[2020-02-17T17:22:14.177] [DEBUG] cheese - null
[2020-02-17T17:22:18.141] [DEBUG] cheese - login => username:admin,password:123456
[2020-02-17T17:22:18.141] [DEBUG] cheese - admin
[2020-02-17T17:22:18.145] [DEBUG] cheese - null
[2020-02-17T17:22:18.145] [DEBUG] cheese - null
[2020-02-17T17:22:43.349] [DEBUG] cheese - login => username:admin,password:123456
[2020-02-17T17:22:43.349] [DEBUG] cheese - admin
[2020-02-17T17:22:43.352] [DEBUG] cheese - null
[2020-02-17T17:22:43.352] [DEBUG] cheese - null
[2020-02-18T14:43:39.880] [DEBUG] cheese - login => username:admin,password:123456
[2020-02-18T14:43:39.882] [DEBUG] cheese - admin
[2020-02-18T14:43:40.014] [DEBUG] cheese - null
[2020-02-18T14:43:40.015] [DEBUG] cheese - null
[2020-02-18T15:02:35.090] [DEBUG] cheese - login => username:admin,password:123456
[2020-02-18T15:02:35.090] [DEBUG] cheese - admin
[2020-02-18T15:02:35.094] [DEBUG] cheese - null
[2020-02-18T15:02:35.095] [DEBUG] cheese - null
[2020-02-18T16:07:19.643] [DEBUG] cheese - login => username:admin,password:123456
[2020-02-18T16:07:19.643] [DEBUG] cheese - admin
[2020-02-18T16:07:19.652] [DEBUG] cheese - null
[2020-02-18T16:07:19.652] [DEBUG] cheese - null
[2020-02-18T17:01:39.776] [DEBUG] cheese - login => username:admin,password:123456
[2020-02-18T17:01:39.777] [DEBUG] cheese - admin
[2020-02-18T17:01:39.783] [DEBUG] cheese - null
[2020-02-18T17:01:39.783] [DEBUG] cheese - null
[2020-02-18T17:02:02.863] [DEBUG] cheese - login => username:admin,password:123456
[2020-02-18T17:02:02.863] [DEBUG] cheese - admin
[2020-02-18T17:02:02.867] [DEBUG] cheese - null
[2020-02-18T17:02:02.867] [DEBUG] cheese - null
[2020-02-18T17:08:08.195] [DEBUG] cheese - login => username:admin,password:123456
[2020-02-18T17:08:08.195] [DEBUG] cheese - admin
[2020-02-18T17:08:08.199] [DEBUG] cheese - null
[2020-02-18T17:08:08.199] [DEBUG] cheese - null
[2020-02-18T17:08:29.439] [DEBUG] cheese - login => username:admin,password:123456
[2020-02-18T17:08:29.440] [DEBUG] cheese - admin
[2020-02-18T17:08:29.443] [DEBUG] cheese - null
[2020-02-18T17:08:29.443] [DEBUG] cheese - null
[2020-02-18T17:09:19.475] [DEBUG] cheese - login => username:admin,password:123456
[2020-02-18T17:09:19.475] [DEBUG] cheese - admin
[2020-02-18T17:09:19.480] [DEBUG] cheese - null
[2020-02-18T17:09:19.480] [DEBUG] cheese - null
[2020-02-18T17:09:39.561] [DEBUG] cheese - login => username:admin,password:123456
[2020-02-18T17:09:39.562] [DEBUG] cheese - admin
[2020-02-18T17:09:39.565] [DEBUG] cheese - null
[2020-02-18T17:09:39.565] [DEBUG] cheese - null
[2020-02-18T17:25:46.598] [DEBUG] cheese - login => username:admin,password:123456
[2020-02-18T17:25:46.598] [DEBUG] cheese - admin
[2020-02-18T17:25:46.603] [DEBUG] cheese - null
[2020-02-18T17:25:46.603] [DEBUG] cheese - null
[2020-02-19T14:45:32.177] [DEBUG] cheese - login => username:admin,password:123456
[2020-02-19T14:45:32.179] [DEBUG] cheese - admin
[2020-02-19T14:45:32.307] [DEBUG] cheese - null
[2020-02-19T14:45:32.307] [DEBUG] cheese - null
[2020-02-19T15:02:49.368] [DEBUG] cheese - login => username:admin,password:123456
[2020-02-19T15:02:49.368] [DEBUG] cheese - admin
[2020-02-19T15:02:49.373] [DEBUG] cheese - null
[2020-02-19T15:02:49.373] [DEBUG] cheese - null
[2020-02-19T15:05:06.039] [DEBUG] cheese - login => username:admin,password:123456
[2020-02-19T15:05:06.039] [DEBUG] cheese - admin
[2020-02-19T15:05:06.045] [DEBUG] cheese - null
[2020-02-19T15:05:06.045] [DEBUG] cheese - null
[2020-02-20T15:38:12.892] [DEBUG] cheese - login => username:admin,password:123456
[2020-02-20T15:38:12.894] [DEBUG] cheese - admin
[2020-02-20T15:38:12.942] [DEBUG] cheese - null
[2020-02-20T15:38:12.942] [DEBUG] cheese - null
[2020-02-21T15:14:40.852] [DEBUG] cheese - login => username:admin,password:123456
[2020-02-21T15:14:40.856] [DEBUG] cheese - admin
[2020-02-21T15:14:40.995] [DEBUG] cheese - null
[2020-02-21T15:14:40.996] [DEBUG] cheese - null
[2020-02-21T15:26:02.537] [DEBUG] cheese - login => username:admin,password:123456
[2020-02-21T15:26:02.537] [DEBUG] cheese - admin
[2020-02-21T15:26:02.541] [DEBUG] cheese - null
[2020-02-21T15:26:02.541] [DEBUG] cheese - null
[2020-02-21T15:27:23.777] [DEBUG] cheese - login => username:admin,password:123456
[2020-02-21T15:27:23.777] [DEBUG] cheese - admin
[2020-02-21T15:27:23.779] [DEBUG] cheese - null
[2020-02-21T15:27:23.779] [DEBUG] cheese - null
[2020-02-21T18:37:03.404] [DEBUG] cheese - login => username:admin55,password:123456
[2020-02-21T18:37:03.405] [DEBUG] cheese - admin55
[2020-02-21T18:37:03.409] [DEBUG] cheese - null
[2020-02-21T18:37:03.409] [DEBUG] cheese - null
[2020-02-21T18:41:03.635] [DEBUG] cheese - login => username:adminss,password:123456
[2020-02-21T18:41:03.635] [DEBUG] cheese - adminss
[2020-02-21T18:41:03.639] [DEBUG] cheese - null
[2020-02-21T18:41:03.639] [DEBUG] cheese - null
[2020-02-21T18:48:40.572] [DEBUG] cheese - login => username:admin好久,password:123456
[2020-02-21T18:48:40.572] [DEBUG] cheese - admin好久
[2020-02-21T18:48:40.576] [DEBUG] cheese - null
[2020-02-21T18:48:40.576] [DEBUG] cheese - null
[2020-02-21T18:50:31.018] [DEBUG] cheese - login => username:adminvv,password:123456
[2020-02-21T18:50:31.019] [DEBUG] cheese - adminvv
[2020-02-21T18:50:31.021] [DEBUG] cheese - null
[2020-02-21T18:50:31.021] [DEBUG] cheese - null
[2020-02-21T18:50:37.534] [DEBUG] cheese - login => username:adminvv吧,password:123456
[2020-02-21T18:50:37.534] [DEBUG] cheese - adminvv吧
[2020-02-21T18:50:37.536] [DEBUG] cheese - null
[2020-02-21T18:50:37.536] [DEBUG] cheese - null
[2020-02-21T18:50:45.226] [DEBUG] cheese - login => username:admin踩踩踩,password:123456
[2020-02-21T18:50:45.226] [DEBUG] cheese - admin踩踩踩
[2020-02-21T18:50:45.229] [DEBUG] cheese - null
[2020-02-21T18:50:45.229] [DEBUG] cheese - null
[2020-02-21T18:51:14.050] [DEBUG] cheese - login => username:adminsss,password:123456
[2020-02-21T18:51:14.050] [DEBUG] cheese - adminsss
[2020-02-21T18:51:14.052] [DEBUG] cheese - null
[2020-02-21T18:51:14.052] [DEBUG] cheese - null
[2020-02-22T16:12:05.256] [DEBUG] cheese - login => username:admin,password:123456
[2020-02-22T16:12:05.258] [DEBUG] cheese - admin
[2020-02-22T16:12:05.380] [DEBUG] cheese - null
[2020-02-22T16:12:05.380] [DEBUG] cheese - null
[2020-02-22T17:52:16.909] [DEBUG] cheese - login => username:admin,password:123456
[2020-02-22T17:52:16.910] [DEBUG] cheese - admin
[2020-02-22T17:52:16.915] [DEBUG] cheese - null
[2020-02-22T17:52:16.915] [DEBUG] cheese - null
[2020-02-24T15:06:29.548] [DEBUG] cheese - login => username:admin,password:123456
[2020-02-24T15:06:29.551] [DEBUG] cheese - admin
[2020-02-24T15:06:29.847] [DEBUG] cheese - null
[2020-02-24T15:06:29.848] [DEBUG] cheese - null
[2020-02-24T18:13:42.875] [DEBUG] cheese - login => username:admin,password:123456
[2020-02-24T18:13:42.879] [DEBUG] cheese - admin
[2020-02-24T18:13:42.885] [DEBUG] cheese - null
[2020-02-24T18:13:42.886] [DEBUG] cheese - null
[2020-02-25T14:22:26.093] [DEBUG] cheese - login => username:admin,password:123456
[2020-02-25T14:22:26.096] [DEBUG] cheese - admin
[2020-02-25T14:22:26.253] [DEBUG] cheese - null
[2020-02-25T14:22:26.254] [DEBUG] cheese - null
[2020-02-26T16:12:09.619] [DEBUG] cheese - login => username:admin,password:123456
[2020-02-26T16:12:09.622] [DEBUG] cheese - admin
[2020-02-26T16:12:09.755] [DEBUG] cheese - null
[2020-02-26T16:12:09.756] [DEBUG] cheese - null
[2020-02-26T16:17:29.067] [DEBUG] cheese - login => username:admin,password:123456
[2020-02-26T16:17:29.067] [DEBUG] cheese - admin
[2020-02-26T16:17:29.071] [DEBUG] cheese - null
[2020-02-26T16:17:29.071] [DEBUG] cheese - null
[2020-02-26T16:26:52.131] [DEBUG] cheese - login => username:admin,password:123456
[2020-02-26T16:26:52.131] [DEBUG] cheese - admin
[2020-02-26T16:26:52.134] [DEBUG] cheese - null
[2020-02-26T16:26:52.134] [DEBUG] cheese - null
[2020-02-26T16:28:30.651] [DEBUG] cheese - login => username:admin,password:123456
[2020-02-26T16:28:30.651] [DEBUG] cheese - admin
[2020-02-26T16:28:30.654] [DEBUG] cheese - null
[2020-02-26T16:28:30.654] [DEBUG] cheese - null
[2020-02-26T16:36:08.684] [DEBUG] cheese - login => username:admin,password:123456
[2020-02-26T16:36:08.684] [DEBUG] cheese - admin
[2020-02-26T16:36:08.687] [DEBUG] cheese - null
[2020-02-26T16:36:08.687] [DEBUG] cheese - null
[2020-02-26T18:10:58.939] [DEBUG] cheese - login => username:admin,password:123456
[2020-02-26T18:10:58.939] [DEBUG] cheese - admin
[2020-02-26T18:10:59.036] [DEBUG] cheese - null
[2020-02-26T18:10:59.036] [DEBUG] cheese - null
[2020-02-27T14:38:09.597] [DEBUG] cheese - login => username:admin,password:123456
[2020-02-27T14:38:09.600] [DEBUG] cheese - admin
[2020-02-27T14:38:09.682] [DEBUG] cheese - null
[2020-02-27T14:38:09.683] [DEBUG] cheese - null
[2020-02-27T15:01:30.566] [DEBUG] cheese - login => username:admin,password:123456
[2020-02-27T15:01:30.566] [DEBUG] cheese - admin
[2020-02-27T15:01:30.570] [DEBUG] cheese - null
[2020-02-27T15:01:30.570] [DEBUG] cheese - null
[2020-02-27T15:15:43.254] [DEBUG] cheese - login => username:admin,password:123456
[2020-02-27T15:15:43.254] [DEBUG] cheese - admin
[2020-02-27T15:15:43.257] [DEBUG] cheese - null
[2020-02-27T15:15:43.258] [DEBUG] cheese - null
[2020-02-27T17:54:01.795] [DEBUG] cheese - null
[2020-02-27T17:54:33.796] [DEBUG] cheese - null
[2020-02-27T17:56:50.607] [DEBUG] cheese - login => username:admin,password:123456
[2020-02-27T17:56:50.607] [DEBUG] cheese - admin
[2020-02-27T17:56:50.610] [DEBUG] cheese - null
[2020-02-27T17:56:50.610] [DEBUG] cheese - null
[2020-02-27T17:59:23.045] [DEBUG] cheese - login => username:admin,password:123456
[2020-02-27T17:59:23.045] [DEBUG] cheese - admin
[2020-02-27T17:59:23.048] [DEBUG] cheese - null
[2020-02-27T17:59:23.048] [DEBUG] cheese - null
[2020-02-27T17:59:32.560] [DEBUG] cheese - null
[2020-02-27T18:01:33.677] [DEBUG] cheese - null
[2020-02-27T18:02:05.745] [DEBUG] cheese - null
[2020-02-28T18:02:46.708] [DEBUG] cheese - login => username:admin,password:123456
[2020-02-28T18:02:46.710] [DEBUG] cheese - admin
[2020-02-28T18:02:46.759] [DEBUG] cheese - null
[2020-02-28T18:02:46.759] [DEBUG] cheese - null
[2020-02-28T22:00:02.341] [DEBUG] cheese - login => username:admin,password:123456
[2020-02-28T22:00:02.344] [DEBUG] cheese - admin
[2020-02-28T22:00:02.382] [DEBUG] cheese - null
[2020-02-28T22:00:02.383] [DEBUG] cheese - null
[2020-02-29T18:11:17.917] [DEBUG] cheese - login => username:admin,password:123456
[2020-02-29T18:11:17.920] [DEBUG] cheese - admin
[2020-02-29T18:11:18.083] [DEBUG] cheese - null
[2020-02-29T18:11:18.083] [DEBUG] cheese - null
[2020-02-29T18:48:28.937] [DEBUG] cheese - login => username:admin,password:123456
[2020-02-29T18:48:28.937] [DEBUG] cheese - admin
[2020-02-29T18:48:28.940] [DEBUG] cheese - null
[2020-02-29T18:48:28.940] [DEBUG] cheese - null
[2020-02-29T18:49:27.440] [DEBUG] cheese - login => username:admin,password:123456
[2020-02-29T18:49:27.440] [DEBUG] cheese - admin
[2020-02-29T18:49:27.443] [DEBUG] cheese - null
[2020-02-29T18:49:27.443] [DEBUG] cheese - null
[2020-02-29T18:50:25.903] [DEBUG] cheese - login => username:admin,password:123456
[2020-02-29T18:50:25.904] [DEBUG] cheese - admin
[2020-02-29T18:50:25.907] [DEBUG] cheese - null
[2020-02-29T18:50:25.907] [DEBUG] cheese - null
[2020-02-29T18:52:39.118] [DEBUG] cheese - login => username:admin,password:123456
[2020-02-29T18:52:39.118] [DEBUG] cheese - admin
[2020-02-29T18:52:39.121] [DEBUG] cheese - null
[2020-02-29T18:52:39.122] [DEBUG] cheese - null
[2020-02-29T18:53:32.872] [DEBUG] cheese - login => username:admin,password:123456
[2020-02-29T18:53:32.872] [DEBUG] cheese - admin
[2020-02-29T18:53:32.875] [DEBUG] cheese - null
[2020-02-29T18:53:32.875] [DEBUG] cheese - null
[2020-02-29T19:19:27.230] [DEBUG] cheese - login => username:admin,password:123456
[2020-02-29T19:19:27.230] [DEBUG] cheese - admin
[2020-02-29T19:19:27.233] [DEBUG] cheese - null
[2020-02-29T19:19:27.233] [DEBUG] cheese - null
[2020-03-01T16:45:14.317] [DEBUG] cheese - login => username:admin,password:123456
[2020-03-01T16:45:14.320] [DEBUG] cheese - admin
[2020-03-01T16:45:14.446] [DEBUG] cheese - null
[2020-03-01T16:45:14.446] [DEBUG] cheese - null
[2020-03-03T16:41:58.175] [DEBUG] cheese - login => username:admin,password:123456
[2020-03-03T16:41:58.177] [DEBUG] cheese - admin
[2020-03-03T16:41:58.333] [DEBUG] cheese - null
[2020-03-03T16:41:58.334] [DEBUG] cheese - null
[2020-03-04T07:59:43.603] [DEBUG] cheese - login => username:admin,password:123456
[2020-03-04T07:59:43.605] [DEBUG] cheese - admin
[2020-03-04T07:59:43.724] [DEBUG] cheese - null
[2020-03-04T07:59:43.724] [DEBUG] cheese - null
[2020-03-08T22:15:45.656] [DEBUG] cheese - login => username:admin,password:123456
[2020-03-08T22:15:45.659] [DEBUG] cheese - admin
[2020-03-08T22:15:45.802] [DEBUG] cheese - null
[2020-03-08T22:15:45.803] [DEBUG] cheese - null
[2020-03-08T22:20:00.565] [DEBUG] cheese - login => username:admin,password:123456
[2020-03-08T22:20:00.565] [DEBUG] cheese - admin
[2020-03-08T22:20:00.568] [DEBUG] cheese - null
[2020-03-08T22:20:00.568] [DEBUG] cheese - null
[2020-03-08T22:31:55.547] [DEBUG] cheese - login => username:admin,password:123456
[2020-03-08T22:31:55.547] [DEBUG] cheese - admin
[2020-03-08T22:31:55.550] [DEBUG] cheese - null
[2020-03-08T22:31:55.550] [DEBUG] cheese - null
[2020-03-10T17:08:08.736] [DEBUG] cheese - login => username:admin,password:123456
[2020-03-10T17:08:08.738] [DEBUG] cheese - admin
[2020-03-10T17:08:08.874] [DEBUG] cheese - null
[2020-03-10T17:08:08.875] [DEBUG] cheese - null
[2020-03-11T16:22:25.877] [DEBUG] cheese - login => username:admin,password:123456
[2020-03-11T16:22:25.879] [DEBUG] cheese - admin
[2020-03-11T16:22:25.937] [DEBUG] cheese - null
[2020-03-11T16:22:25.937] [DEBUG] cheese - null
[2020-03-11T17:45:22.677] [DEBUG] cheese - login => username:admin,password:123456
[2020-03-11T17:45:22.680] [DEBUG] cheese - admin
[2020-03-11T17:45:22.826] [DEBUG] cheese - null
[2020-03-11T17:45:22.827] [DEBUG] cheese - null
[2020-03-11T17:50:48.528] [DEBUG] cheese - login => username:admin,password:123456
[2020-03-11T17:50:48.528] [DEBUG] cheese - admin
[2020-03-11T17:50:48.532] [DEBUG] cheese - null
[2020-03-11T17:50:48.532] [DEBUG] cheese - null
[2020-03-11T18:05:53.926] [DEBUG] cheese - login => username:admin,password:123456
[2020-03-11T18:05:53.926] [DEBUG] cheese - admin
[2020-03-11T18:05:53.929] [DEBUG] cheese - null
[2020-03-11T18:05:53.929] [DEBUG] cheese - null
[2020-03-11T18:16:27.094] [DEBUG] cheese - login => username:admin,password:123456
[2020-03-11T18:16:27.094] [DEBUG] cheese - admin
[2020-03-11T18:16:27.097] [DEBUG] cheese - null
[2020-03-11T18:16:27.097] [DEBUG] cheese - null
[2020-03-11T18:24:34.301] [DEBUG] cheese - login => username:admin,password:123456
[2020-03-11T18:24:34.302] [DEBUG] cheese - admin
[2020-03-11T18:24:34.304] [DEBUG] cheese - null
[2020-03-11T18:24:34.305] [DEBUG] cheese - null
[2020-03-12T18:52:09.794] [DEBUG] cheese - login => username:admin,password:123456
[2020-03-12T18:52:09.796] [DEBUG] cheese - admin
[2020-03-12T18:52:09.838] [DEBUG] cheese - null
[2020-03-12T18:52:09.838] [DEBUG] cheese - null
[2020-03-12T22:16:54.383] [DEBUG] cheese - login => username:admin,password:123456
[2020-03-12T22:16:54.385] [DEBUG] cheese - admin
[2020-03-12T22:16:54.531] [DEBUG] cheese - null
[2020-03-12T22:16:54.531] [DEBUG] cheese - null
[2020-03-12T22:42:36.225] [DEBUG] cheese - login => username:admin,password:123456
[2020-03-12T22:42:36.225] [DEBUG] cheese - admin
[2020-03-12T22:42:36.229] [DEBUG] cheese - null
[2020-03-12T22:42:36.229] [DEBUG] cheese - null
[2020-03-13T17:32:03.086] [DEBUG] cheese - login => username:admin,password:123456
[2020-03-13T17:32:03.088] [DEBUG] cheese - admin
[2020-03-13T17:32:03.223] [DEBUG] cheese - null
[2020-03-13T17:32:03.223] [DEBUG] cheese - null
[2020-03-14T15:46:09.626] [DEBUG] cheese - login => username:admin,password:123456
[2020-03-14T15:46:09.628] [DEBUG] cheese - admin
[2020-03-14T15:46:09.684] [DEBUG] cheese - null
[2020-03-14T15:46:09.684] [DEBUG] cheese - null
[2020-03-14T17:20:16.177] [DEBUG] cheese - login => username:admin,password:123456
[2020-03-14T17:20:16.177] [DEBUG] cheese - admin
[2020-03-14T17:20:16.185] [DEBUG] cheese - null
[2020-03-14T17:20:16.185] [DEBUG] cheese - null
[2020-03-15T16:52:51.271] [DEBUG] cheese - login => username:admin,password:123456
[2020-03-15T16:52:51.273] [DEBUG] cheese - admin
[2020-03-15T16:52:51.429] [DEBUG] cheese - null
[2020-03-15T16:52:51.429] [DEBUG] cheese - null
[2020-03-15T18:32:24.566] [DEBUG] cheese - login => username:admin,password:123456
[2020-03-15T18:32:24.567] [DEBUG] cheese - admin
[2020-03-15T18:32:24.571] [DEBUG] cheese - null
[2020-03-15T18:32:24.571] [DEBUG] cheese - null
[2020-03-16T17:56:11.382] [DEBUG] cheese - login => username:admin,password:123456
[2020-03-16T17:56:11.384] [DEBUG] cheese - admin
[2020-03-16T17:56:11.529] [DEBUG] cheese - null
[2020-03-16T17:56:11.529] [DEBUG] cheese - null
[2020-03-16T18:41:24.848] [DEBUG] cheese - login => username:admin,password:123456
[2020-03-16T18:41:24.848] [DEBUG] cheese - admin
[2020-03-16T18:41:24.854] [DEBUG] cheese - null
[2020-03-16T18:41:24.855] [DEBUG] cheese - null
[2020-03-17T08:34:56.119] [DEBUG] cheese - login => username:admin,password:123456
[2020-03-17T08:34:56.121] [DEBUG] cheese - admin
[2020-03-17T08:34:56.244] [DEBUG] cheese - null
[2020-03-17T08:34:56.244] [DEBUG] cheese - null
[2020-03-17T18:41:32.990] [DEBUG] cheese - login => username:admin,password:123456
[2020-03-17T18:41:32.993] [DEBUG] cheese - admin
[2020-03-17T18:41:33.092] [DEBUG] cheese - null
[2020-03-17T18:41:33.093] [DEBUG] cheese - null
[2020-03-18T17:04:07.883] [DEBUG] cheese - login => username:admin,password:123456
[2020-03-18T17:04:07.885] [DEBUG] cheese - admin
[2020-03-18T17:04:08.028] [DEBUG] cheese - null
[2020-03-18T17:04:08.028] [DEBUG] cheese - null
[2020-03-18T17:42:20.981] [DEBUG] cheese - login => username:admin,password:123456
[2020-03-18T17:42:20.981] [DEBUG] cheese - admin
[2020-03-18T17:42:20.985] [DEBUG] cheese - null
[2020-03-18T17:42:20.985] [DEBUG] cheese - null
[2020-03-18T18:54:02.971] [DEBUG] cheese - login => username:admin,password:123456
[2020-03-18T18:54:02.971] [DEBUG] cheese - admin
[2020-03-18T18:54:02.975] [DEBUG] cheese - null
[2020-03-18T18:54:02.975] [DEBUG] cheese - null
[2020-03-19T08:26:08.023] [DEBUG] cheese - login => username:admin,password:123456
[2020-03-19T08:26:08.025] [DEBUG] cheese - admin
[2020-03-19T08:26:08.099] [DEBUG] cheese - null
[2020-03-19T08:26:08.100] [DEBUG] cheese - null
[2020-03-19T09:58:24.936] [DEBUG] cheese - login => username:admin,password:123456
[2020-03-19T09:58:24.939] [DEBUG] cheese - admin
[2020-03-19T09:58:25.027] [DEBUG] cheese - null
[2020-03-19T09:58:25.028] [DEBUG] cheese - null
[2020-03-19T10:03:57.559] [DEBUG] cheese - login => username:admin,password:123456
[2020-03-19T10:03:57.561] [DEBUG] cheese - admin
[2020-03-19T10:03:57.573] [DEBUG] cheese - null
[2020-03-19T10:03:57.574] [DEBUG] cheese - null
[2020-03-21T17:32:03.285] [DEBUG] cheese - login => username:admin,password:123456
[2020-03-21T17:32:03.287] [DEBUG] cheese - admin
[2020-03-21T17:32:03.374] [DEBUG] cheese - null
[2020-03-21T17:32:03.375] [DEBUG] cheese - null
[2020-03-22T10:52:05.512] [DEBUG] cheese - login => username:admin,password:123456
[2020-03-22T10:52:05.514] [DEBUG] cheese - admin
[2020-03-22T10:52:05.662] [DEBUG] cheese - null
[2020-03-22T10:52:05.662] [DEBUG] cheese - null
[2020-03-22T11:51:16.265] [DEBUG] cheese - login => username:admin,password:123456
[2020-03-22T11:51:16.265] [DEBUG] cheese - admin
[2020-03-22T11:51:16.269] [DEBUG] cheese - null
[2020-03-22T11:51:16.269] [DEBUG] cheese - null
[2020-03-23T15:38:34.662] [DEBUG] cheese - login => username:admin,password:123456
[2020-03-23T15:38:34.664] [DEBUG] cheese - admin
[2020-03-23T15:38:34.732] [DEBUG] cheese - null
[2020-03-23T15:38:34.732] [DEBUG] cheese - null
[2020-03-23T16:44:01.291] [DEBUG] cheese - login => username:admin,password:123456
[2020-03-23T16:44:01.291] [DEBUG] cheese - admin
[2020-03-23T16:44:01.295] [DEBUG] cheese - null
[2020-03-23T16:44:01.296] [DEBUG] cheese - null
[2020-03-24T16:52:34.533] [DEBUG] cheese - login => username:admin,password:123456
[2020-03-24T16:52:34.536] [DEBUG] cheese - admin
[2020-03-24T16:52:34.698] [DEBUG] cheese - null
[2020-03-24T16:52:34.698] [DEBUG] cheese - null
[2020-03-25T09:53:41.255] [DEBUG] cheese - login => username:admin,password:123456
[2020-03-25T09:53:41.258] [DEBUG] cheese - admin
[2020-03-25T09:53:41.328] [DEBUG] cheese - null
[2020-03-25T09:53:41.329] [DEBUG] cheese - null
[2020-03-25T10:23:40.817] [DEBUG] cheese - login => username:admin,password:123456
[2020-03-25T10:23:40.817] [DEBUG] cheese - admin
[2020-03-25T10:23:40.911] [DEBUG] cheese - null
[2020-03-25T10:23:40.911] [DEBUG] cheese - null
[2020-03-25T10:55:23.199] [DEBUG] cheese - login => username:admin,password:123456
[2020-03-25T10:55:23.199] [DEBUG] cheese - admin
[2020-03-25T10:55:23.202] [DEBUG] cheese - null
[2020-03-25T10:55:23.202] [DEBUG] cheese - null
[2020-03-26T14:35:03.982] [DEBUG] cheese - login => username:admin,password:123456
[2020-03-26T14:35:03.985] [DEBUG] cheese - admin
[2020-03-26T14:35:04.053] [DEBUG] cheese - null
[2020-03-26T14:35:04.054] [DEBUG] cheese - null
[2020-03-26T17:35:32.487] [DEBUG] cheese - login => username:admin,password:123456
[2020-03-26T17:35:32.490] [DEBUG] cheese - admin
[2020-03-26T17:35:32.615] [DEBUG] cheese - null
[2020-03-26T17:35:32.616] [DEBUG] cheese - null
[2020-03-27T07:54:17.915] [DEBUG] cheese - login => username:admin,password:123456
[2020-03-27T07:54:17.916] [DEBUG] cheese - admin
[2020-03-27T07:54:17.934] [DEBUG] cheese - null
[2020-03-27T07:54:17.934] [DEBUG] cheese - null
